<?xml version="1.0" encoding="UTF-8"?>
<!-- Generated by org.testng.reporters.JUnitReportReporter -->
<testsuite skipped="0" hostname="BDC6-DX-HRVWXC2" name="com.test.data_provider" tests="3" failures="0" timestamp="12 Jul 2019 09:22:23 GMT" time="0.017" errors="0">
  <testcase name="testLogin" time="0.002" classname="com.test.data_provider"/>
  <testcase name="testLogin" time="0.013" classname="com.test.data_provider"/>
  <testcase name="testLogin" time="0.002" classname="com.test.data_provider"/>
</testsuite> <!-- com.test.data_provider -->
