<?xml version="1.0" encoding="UTF-8"?>
<!-- Generated by org.testng.reporters.JUnitReportReporter -->
<testsuite skipped="0" hostname="BDC6-DX-HRVWXC2" name="com.test.testNG_Ascii" tests="4" failures="0" timestamp="12 Jul 2019 08:57:25 GMT" time="0.021" errors="0">
  <testcase name="ApPle" time="0.003" classname="com.test.testNG_Ascii"/>
  <testcase name="APple" time="0.015" classname="com.test.testNG_Ascii"/>
  <testcase name="Apple" time="0.002" classname="com.test.testNG_Ascii"/>
  <testcase name="apple" time="0.001" classname="com.test.testNG_Ascii"/>
</testsuite> <!-- com.test.testNG_Ascii -->
